[0, 1, 2]
3
51458
51458
3
torch.Size([1, 256]) torch.Size([1, 256])
This model has 712160 parameters
epoch 1/200
  batch 1000 loss: 1.0016342627108097
  batch 2000 loss: 1.0015538144111633
  batch 3000 loss: 0.9997430760860443
  batch 4000 loss: 0.9991253382563591
********* validation Loss = tensor(1.0003, device='cuda:0') ************
LOSS train 1.0005817277011475 valid 1.0002700090408325
epoch 2/200
  batch 1000 loss: 0.9992272736430168
  batch 2000 loss: 0.9978078584074974
  batch 3000 loss: 1.0008534668087958
  batch 4000 loss: 0.9995336003303528
********* validation Loss = tensor(0.9826, device='cuda:0') ************
LOSS train 0.9982366129400817 valid 0.9825580716133118
epoch 3/200
  batch 1000 loss: 0.16619721431098877
  batch 2000 loss: 0.04202948767133057
  batch 3000 loss: 0.03506290038302541
  batch 4000 loss: 0.03182940760627389
********* validation Loss = tensor(0.0322, device='cuda:0') ************
LOSS train 0.06195850007236004 valid 0.03224310651421547
epoch 4/200
  batch 1000 loss: 0.0221373505666852
  batch 2000 loss: 0.01899196942895651
  batch 3000 loss: 0.017844069654121993
  batch 4000 loss: 0.015770733807235957
********* validation Loss = tensor(0.0210, device='cuda:0') ************
LOSS train 0.018372071522041924 valid 0.02100040577352047
epoch 5/200
  batch 1000 loss: 0.012599951533600688
  batch 2000 loss: 0.013173699406906962
  batch 3000 loss: 0.009347404439002276
  batch 4000 loss: 0.011533276934176684
********* validation Loss = tensor(0.0153, device='cuda:0') ************
LOSS train 0.011527376520046916 valid 0.015333246439695358
epoch 6/200
  batch 1000 loss: 0.009047017112374305
  batch 2000 loss: 0.007254556562751532
  batch 3000 loss: 0.007904765544459224
  batch 4000 loss: 0.007628389805555344
********* validation Loss = tensor(0.0101, device='cuda:0') ************
LOSS train 0.007741177988484733 valid 0.010080899111926556
epoch 7/200
  batch 1000 loss: 0.0072017912119627
  batch 2000 loss: 0.008627814322710037
  batch 3000 loss: 0.005781393580138684
  batch 4000 loss: 0.006162329558283091
********* validation Loss = tensor(0.0074, device='cuda:0') ************
LOSS train 0.0066332724512858715 valid 0.007363137789070606
epoch 8/200
  batch 1000 loss: 0.005362260036170483
  batch 2000 loss: 0.006483183642849326
  batch 3000 loss: 0.005439874554052949
  batch 4000 loss: 0.004582888681441546
********* validation Loss = tensor(0.0046, device='cuda:0') ************
LOSS train 0.0054082507663285794 valid 0.004567417316138744
epoch 9/200
  batch 1000 loss: 0.005197600746527314
  batch 2000 loss: 0.005118152907118202
  batch 3000 loss: 0.004818854508921504
  batch 4000 loss: 0.004186992261558771
********* validation Loss = tensor(0.0083, device='cuda:0') ************
LOSS train 0.004723648530059528 valid 0.00829019770026207
*** validation loss did not improve ***
epoch 10/200
  batch 1000 loss: 0.003625304117798805
  batch 2000 loss: 0.00768495331890881
  batch 3000 loss: 0.005902297968044877
  batch 4000 loss: 0.003925623426213861
********* validation Loss = tensor(0.0062, device='cuda:0') ************
LOSS train 0.005191230196023235 valid 0.006245455704629421
*** validation loss did not improve ***
epoch 11/200
  batch 1000 loss: 0.004067741891369224
  batch 2000 loss: 0.00516972297616303
  batch 3000 loss: 0.0033086091671139
  batch 4000 loss: 0.003924728944897652
********* validation Loss = tensor(0.0075, device='cuda:0') ************
LOSS train 0.003907406306174135 valid 0.007502425462007523
*** validation loss did not improve ***
epoch 12/200
  batch 1000 loss: 0.0032506825011223554
  batch 2000 loss: 0.0029109214972704647
  batch 3000 loss: 0.0027281754221767187
  batch 4000 loss: 0.0032539248038083316
********* validation Loss = tensor(0.0048, device='cuda:0') ************
LOSS train 0.003001584647696253 valid 0.004810525104403496
*** validation loss did not improve ***
 -------------- reducing learning rate
new learning_rate = 5e-05
epoch 13/200
  batch 1000 loss: 0.0023167944941669704
  batch 2000 loss: 0.0022614953145384787
  batch 3000 loss: 0.001920667551457882
  batch 4000 loss: 0.0016501297056674958
********* validation Loss = tensor(0.0055, device='cuda:0') ************
LOSS train 0.001938008188506482 valid 0.005505315028131008
*** validation loss did not improve ***
epoch 14/200
  batch 1000 loss: 0.0015047879498451947
  batch 2000 loss: 0.001599618198350072
  batch 3000 loss: 0.0017454362157732248
  batch 4000 loss: 0.0010587362684309483
********* validation Loss = tensor(0.0136, device='cuda:0') ************
LOSS train 0.0014624259709694225 valid 0.013599211350083351
*** validation loss did not improve ***
epoch 15/200
  batch 1000 loss: 0.0014664442744106055
  batch 2000 loss: 0.001944732876494527
  batch 3000 loss: 0.0016911449693143368
  batch 4000 loss: 0.001275937894359231
********* validation Loss = tensor(0.0042, device='cuda:0') ************
LOSS train 0.0014810916553661614 valid 0.004203542601317167
epoch 16/200
  batch 1000 loss: 0.0017390548307448625
  batch 2000 loss: 0.0018810306433588266
  batch 3000 loss: 0.0011974470634013414
  batch 4000 loss: 0.0015043300334364176
********* validation Loss = tensor(0.0029, device='cuda:0') ************
LOSS train 0.0014799909135374998 valid 0.0028791094664484262
epoch 17/200
  batch 1000 loss: 0.0012054080497473478
  batch 2000 loss: 0.0015593198519200087
  batch 3000 loss: 0.00117026331089437
  batch 4000 loss: 0.0012990877181291581
********* validation Loss = tensor(0.0124, device='cuda:0') ************
LOSS train 0.0013146288372537633 valid 0.012398907914757729
*** validation loss did not improve ***
epoch 18/200
  batch 1000 loss: 0.0023960128910839556
  batch 2000 loss: 0.000977614987641573
  batch 3000 loss: 0.0013153690658509732
  batch 4000 loss: 0.0011165317948907613
********* validation Loss = tensor(0.0047, device='cuda:0') ************
LOSS train 0.001363255399342028 valid 0.0046593486331403255
*** validation loss did not improve ***
epoch 19/200
  batch 1000 loss: 0.0011899449937045575
  batch 2000 loss: 0.0007682624347507954
  batch 3000 loss: 0.0014782578311860561
  batch 4000 loss: 0.0011817326415330173
********* validation Loss = tensor(0.0059, device='cuda:0') ************
LOSS train 0.0011925347249742617 valid 0.0059392014518380165
*** validation loss did not improve ***
epoch 20/200
  batch 1000 loss: 0.0017694005761295557
  batch 2000 loss: 0.001094489622861147
  batch 3000 loss: 0.0017744606509804725
  batch 4000 loss: 0.001167856026440859
********* validation Loss = tensor(0.0052, device='cuda:0') ************
LOSS train 0.001392171958490357 valid 0.005150830838829279
*** validation loss did not improve ***
 -------------- reducing learning rate
new learning_rate = 2.5e-05
epoch 21/200
  batch 1000 loss: 0.0008722970765084029
  batch 2000 loss: 0.0005152304898947477
  batch 3000 loss: 0.0013537441343069077
  batch 4000 loss: 0.0004235829450190067
********* validation Loss = tensor(0.0039, device='cuda:0') ************
LOSS train 0.0007948602369257824 valid 0.003922472707927227
*** validation loss did not improve ***
epoch 22/200
  batch 1000 loss: 0.0005880740750581026
  batch 2000 loss: 0.0003711972590535879
  batch 3000 loss: 0.0005110399685800076
  batch 4000 loss: 0.0004520170111209154
********* validation Loss = tensor(0.0059, device='cuda:0') ************
LOSS train 0.000554150856761117 valid 0.005914027336984873
*** validation loss did not improve ***
epoch 23/200
  batch 1000 loss: 0.00043088989332318306
  batch 2000 loss: 0.00052690683118999
  batch 3000 loss: 0.0004304692260921001
  batch 4000 loss: 0.0003349838890135288
********* validation Loss = tensor(0.0016, device='cuda:0') ************
LOSS train 0.0004368988273983792 valid 0.0016000167233869433
epoch 24/200
  batch 1000 loss: 0.00039622940495610235
  batch 2000 loss: 0.0005466387700289488
  batch 3000 loss: 0.0003530571199953556
  batch 4000 loss: 0.0007523677069693804
********* validation Loss = tensor(0.0028, device='cuda:0') ************
LOSS train 0.0005332656112050763 valid 0.002782218623906374
*** validation loss did not improve ***
epoch 25/200
  batch 1000 loss: 0.000411837438121438
  batch 2000 loss: 0.0002752675544470549
  batch 3000 loss: 0.0006532098036259413
  batch 4000 loss: 0.0004283681064844131
********* validation Loss = tensor(0.0150, device='cuda:0') ************
LOSS train 0.00043894357554653146 valid 0.014984882436692715
*** validation loss did not improve ***
epoch 26/200
  batch 1000 loss: 0.0008588949143886566
  batch 2000 loss: 0.0004679519757628441
  batch 3000 loss: 0.0002449858207255602
  batch 4000 loss: 0.0005071365367621183
********* validation Loss = tensor(0.0045, device='cuda:0') ************
LOSS train 0.0005572248763679841 valid 0.004462920129299164
*** validation loss did not improve ***
epoch 27/200
  batch 1000 loss: 0.0007669365946203471
  batch 2000 loss: 0.0002960950545966625
  batch 3000 loss: 0.0006834375727921725
  batch 4000 loss: 0.0007059908974915743
********* validation Loss = tensor(0.0039, device='cuda:0') ************
LOSS train 0.0005576848099732028 valid 0.003906771540641785
*** validation loss did not improve ***
 -------------- reducing learning rate
new learning_rate = 1.25e-05
epoch 28/200
  batch 1000 loss: 0.0004951201137155294
  batch 2000 loss: 0.0002038746103644371
  batch 3000 loss: 0.0004390130564570427
  batch 4000 loss: 0.0003791273217648268
********* validation Loss = tensor(0.0039, device='cuda:0') ************
LOSS train 0.0003358167780495678 valid 0.003906428813934326
*** validation loss did not improve ***
epoch 29/200
  batch 1000 loss: 0.0002857469320297241
  batch 2000 loss: 0.00025796625204384325
  batch 3000 loss: 0.00027264767326414587
  batch 4000 loss: 0.00019072137959301471
********* validation Loss = tensor(0.0039, device='cuda:0') ************
LOSS train 0.0002431780180937268 valid 0.003926107194274664
*** validation loss did not improve ***
epoch 30/200
  batch 1000 loss: 0.00027697624266147616
  batch 2000 loss: 0.00021752051636576652
  batch 3000 loss: 0.0001461733467876911
  batch 4000 loss: 0.0005063292048871518
********* validation Loss = tensor(0.0025, device='cuda:0') ************
LOSS train 0.00027950459000668996 valid 0.0025434247218072414
*** validation loss did not improve ***
epoch 31/200
  batch 1000 loss: 0.0003239928036928177
  batch 2000 loss: 0.0002595439609140158
  batch 3000 loss: 0.00023088132590055464
  batch 4000 loss: 0.00022562677040696144
********* validation Loss = tensor(0.0039, device='cuda:0') ************
LOSS train 0.00024980517982510085 valid 0.003942285198718309
*** validation loss did not improve ***
 -------------- reducing learning rate
new learning_rate = 6.25e-06
epoch 32/200
  batch 1000 loss: 0.00038414779491722584
  batch 2000 loss: 0.0002527146525681019
  batch 3000 loss: 0.00014497131109237672
  batch 4000 loss: 6.711788102984428e-05
********* validation Loss = tensor(0.0029, device='cuda:0') ************
LOSS train 0.0002156425591731936 valid 0.0029003180097788572
*** validation loss did not improve ***
epoch 33/200
  batch 1000 loss: 0.00015635279938578606
  batch 2000 loss: 0.00012625396624207496
  batch 3000 loss: 0.00016922201216220856
  batch 4000 loss: 0.00017475647479295732
********* validation Loss = tensor(0.0025, device='cuda:0') ************
LOSS train 0.00013887949866952056 valid 0.002522579161450267
*** validation loss did not improve ***
epoch 34/200
  batch 1000 loss: 0.0002689256705343723
  batch 2000 loss: 0.00022632146254181863
  batch 3000 loss: 9.894127398729325e-05
  batch 4000 loss: 0.00018506061658263206
********* validation Loss = tensor(0.0038, device='cuda:0') ************
LOSS train 0.00023485315355612206 valid 0.003808234352618456
*** validation loss did not improve ***
epoch 35/200
  batch 1000 loss: 0.00018097168393433095
  batch 2000 loss: 0.00015395488776266574
  batch 3000 loss: 0.00013347682915627957
  batch 4000 loss: 8.125901408493519e-05
********* validation Loss = tensor(0.0026, device='cuda:0') ************
LOSS train 0.00013117517291573046 valid 0.0026085961144417524
*** validation loss did not improve ***
 -------------- reducing learning rate
new learning_rate = 3.125e-06
epoch 36/200
  batch 1000 loss: 5.818667262792587e-05
  batch 2000 loss: 0.00047751816734671593
  batch 3000 loss: 0.00015523106604814528
  batch 4000 loss: 0.00014742372930049897
********* validation Loss = tensor(0.0040, device='cuda:0') ************
LOSS train 0.0002195019985264447 valid 0.004049213603138924
*** validation loss did not improve ***
epoch 37/200
  batch 1000 loss: 7.6418187469244e-05
  batch 2000 loss: 0.00016086426191031932
  batch 3000 loss: 0.00010464586317539215
  batch 4000 loss: 0.00010416599921882153
********* validation Loss = tensor(0.0019, device='cuda:0') ************
LOSS train 0.00012985345265717087 valid 0.0018828603206202388
*** validation loss did not improve ***
epoch 38/200
  batch 1000 loss: 0.00014602220058441162
  batch 2000 loss: 8.422372490167617e-05
  batch 3000 loss: 0.00012837275117635728
  batch 4000 loss: 7.351558282971382e-05
********* validation Loss = tensor(0.0044, device='cuda:0') ************
LOSS train 0.00013044967398124656 valid 0.004398160148411989
*** validation loss did not improve ***
epoch 39/200
  batch 1000 loss: 4.4797100126743314e-05
  batch 2000 loss: 0.0003122407011687756
  batch 3000 loss: 5.172734707593918e-05
  batch 4000 loss: 0.00011248228326439858
********* validation Loss = tensor(0.0023, device='cuda:0') ************
LOSS train 0.00013640410155829987 valid 0.0023092669434845448
*** validation loss did not improve ***
 -------------- reducing learning rate
new learning_rate = 1.5625e-06
epoch 40/200
  batch 1000 loss: 0.00023943795263767242
  batch 2000 loss: 0.0002262306325137615
  batch 3000 loss: 9.972630441188813e-05
  batch 4000 loss: 9.048592299222947e-05
********* validation Loss = tensor(0.0022, device='cuda:0') ************
LOSS train 0.00014224340955828137 valid 0.0021632856223732233
*** validation loss did not improve ***
epoch 41/200
  batch 1000 loss: 0.0001917198970913887
  batch 2000 loss: 8.921200037002564e-05
  batch 3000 loss: 0.00022408736497163772
  batch 4000 loss: 6.923173367977142e-05
********* validation Loss = tensor(0.0017, device='cuda:0') ************
LOSS train 0.0001775296098055617 valid 0.0016567197162657976
*** validation loss did not improve ***
epoch 42/200
  batch 1000 loss: 0.00010757546126842499
  batch 2000 loss: 0.0001055227406322956
  batch 3000 loss: 0.00013676307164132596
  batch 4000 loss: 6.473802775144577e-05
********* validation Loss = tensor(0.0022, device='cuda:0') ************
LOSS train 0.00011002191800836454 valid 0.0022099334746599197
*** validation loss did not improve ***
epoch 43/200
  batch 1000 loss: 0.00020451107434928418
  batch 2000 loss: 0.0002151225283741951
  batch 3000 loss: 0.00011625361442565918
  batch 4000 loss: 2.4303585290908815e-05
********* validation Loss = tensor(0.0035, device='cuda:0') ************
LOSS train 0.00013515027963744545 valid 0.0034536360763013363
*** validation loss did not improve ***
 -------------- reducing learning rate
new learning_rate = 7.8125e-07
epoch 44/200
  batch 1000 loss: 8.487265184521676e-05
  batch 2000 loss: 0.00016684211418032646
  batch 3000 loss: 0.00015001282654702664
  batch 4000 loss: 0.0002051947023719549
********* validation Loss = tensor(0.0023, device='cuda:0') ************
LOSS train 0.0001855610704792596 valid 0.0023088031448423862
*** validation loss did not improve ***
epoch 45/200
  batch 1000 loss: 0.0002438187412917614
  batch 2000 loss: 0.00014590285532176494
  batch 3000 loss: 0.00014590682089328765
  batch 4000 loss: 0.00016604285314679145
********* validation Loss = tensor(0.0040, device='cuda:0') ************
LOSS train 0.0001609738406585288 valid 0.003987516276538372
*** validation loss did not improve ***
epoch 46/200
  batch 1000 loss: 0.00010253647714853287
  batch 2000 loss: 0.00011772360280156135
  batch 3000 loss: 0.00010593223385512828
  batch 4000 loss: 0.00012566300109028816
********* validation Loss = tensor(0.0039, device='cuda:0') ************
LOSS train 0.00010418691358726876 valid 0.003872566856443882
*** validation loss did not improve ***
epoch 47/200
  batch 1000 loss: 3.720539808273315e-05
  batch 2000 loss: 0.00010187561437487602
  batch 3000 loss: 0.0001654270589351654
  batch 4000 loss: 9.3947509303689e-05
********* validation Loss = tensor(0.0033, device='cuda:0') ************
LOSS train 9.920720956794956e-05 valid 0.0032622027210891247
*** validation loss did not improve ***
 -------------- reducing learning rate
new learning_rate = 3.90625e-07
epoch 48/200
  batch 1000 loss: 0.00020699775591492652
  batch 2000 loss: 9.291131421923637e-05
  batch 3000 loss: 3.4166235476732254e-05
  batch 4000 loss: 0.0001848782990127802
********* validation Loss = tensor(0.0024, device='cuda:0') ************
LOSS train 0.00011603046420942316 valid 0.0024477506522089243
*** validation loss did not improve ***
epoch 49/200
  batch 1000 loss: 0.0002131627928465605
  batch 2000 loss: 7.724758051335811e-05
  batch 3000 loss: 0.00024933709017932416
  batch 4000 loss: 0.00012285588681697844
********* validation Loss = tensor(0.0026, device='cuda:0') ************
LOSS train 0.00016124759274752028 valid 0.00256248633377254
*** validation loss did not improve ***
epoch 50/200
  batch 1000 loss: 9.212551824748516e-05
  batch 2000 loss: 0.00014673132076859475
  batch 3000 loss: 7.440871745347976e-05
  batch 4000 loss: 3.7060402333736416e-05
********* validation Loss = tensor(0.0026, device='cuda:0') ************
LOSS train 8.276504131487615e-05 valid 0.002639466430991888
*** validation loss did not improve ***
epoch 51/200
  batch 1000 loss: 0.00013300026208162307
  batch 2000 loss: 0.00019095039553940297
  batch 3000 loss: 9.639788791537285e-05
  batch 4000 loss: 0.00022592246532440185
********* validation Loss = tensor(0.0029, device='cuda:0') ************
LOSS train 0.00013394217841674626 valid 0.0029069934971630573
*** validation loss did not improve ***
 -------------- reducing learning rate
new learning_rate = 1.953125e-07
epoch 52/200
  batch 1000 loss: 0.00015563702769577504
  batch 2000 loss: 0.00018653625249862672
  batch 3000 loss: 0.00013705876469612122
  batch 4000 loss: 7.280678302049636e-05
********* validation Loss = tensor(0.0024, device='cuda:0') ************
LOSS train 0.00016035968582556038 valid 0.0024225267115980387
*** validation loss did not improve ***
epoch 53/200
  batch 1000 loss: 4.5200800523161886e-05
  batch 2000 loss: 0.00012980423867702483
  batch 3000 loss: 7.272316515445709e-05
  batch 4000 loss: 9.805737435817719e-05
********* validation Loss = tensor(0.0036, device='cuda:0') ************
LOSS train 9.433478927674071e-05 valid 0.0035813108552247286
*** validation loss did not improve ***
epoch 54/200
  batch 1000 loss: 2.3151040077209474e-05
  batch 2000 loss: 8.771445602178573e-05
  batch 3000 loss: 0.00011180108413100243
  batch 4000 loss: 4.108759015798569e-05
********* validation Loss = tensor(0.0025, device='cuda:0') ************
LOSS train 8.271947348673726e-05 valid 0.002483986085280776
*** validation loss did not improve ***
epoch 55/200
  batch 1000 loss: 0.00014667500741779804
  batch 2000 loss: 5.8790672570466996e-05
  batch 3000 loss: 4.301648214459419e-05
  batch 4000 loss: 0.00021235134080052376
********* validation Loss = tensor(0.0034, device='cuda:0') ************
LOSS train 0.00010455511201539806 valid 0.0034443214535713196
*** validation loss did not improve ***
 -------------- reducing learning rate
new learning_rate = 9.765625e-08
epoch 56/200
  batch 1000 loss: 0.00012901321612298488
  batch 2000 loss: 0.0001718640923500061
  batch 3000 loss: 7.015978731215001e-05
  batch 4000 loss: 0.00013075191527605056
********* validation Loss = tensor(0.0028, device='cuda:0') ************
LOSS train 0.00012488748434294074 valid 0.002847059164196253
*** validation loss did not improve ***
epoch 57/200
  batch 1000 loss: 7.607481628656387e-05
  batch 2000 loss: 0.00017570682615041734
  batch 3000 loss: 1.4105312526226044e-05
  batch 4000 loss: 0.0003228876609355211
********* validation Loss = tensor(0.0024, device='cuda:0') ************
LOSS train 0.00012708670541721306 valid 0.002371692331507802
*** validation loss did not improve ***
epoch 58/200
  batch 1000 loss: 7.820019125938416e-05
  batch 2000 loss: 5.797130614519119e-05
  batch 3000 loss: 0.00014848346635699272
  batch 4000 loss: 1.5175441280007362e-05
********* validation Loss = tensor(0.0031, device='cuda:0') ************
LOSS train 7.097043058415151e-05 valid 0.0030706750694662333
*** validation loss did not improve ***
epoch 59/200
  batch 1000 loss: 0.00011767682805657387
  batch 2000 loss: 8.06177742779255e-05
  batch 3000 loss: 0.00018638619408011437
  batch 4000 loss: 6.731968000531197e-05
********* validation Loss = tensor(0.0030, device='cuda:0') ************
LOSS train 0.00011282849111087581 valid 0.002950770314782858
*** validation loss did not improve ***
epoch 60/200
  batch 1000 loss: 8.713186345994473e-05
  batch 2000 loss: 3.6556432023644446e-05
  batch 3000 loss: 0.00016892809607088567
  batch 4000 loss: 0.00020952441543340683
********* validation Loss = tensor(0.0023, device='cuda:0') ************
LOSS train 0.0001235691461847236 valid 0.0022595860064029694
*** validation loss did not improve ***
epoch 61/200
  batch 1000 loss: 0.0002710166834294796
  batch 2000 loss: 0.00015055211260914803
  batch 3000 loss: 0.00012028385326266289
  batch 4000 loss: 0.00014793286472558975
********* validation Loss = tensor(0.0018, device='cuda:0') ************
LOSS train 0.00018187801995425644 valid 0.0017626950284466147
*** validation loss did not improve ***
epoch 62/200
  batch 1000 loss: 1.2074381113052368e-05
  batch 2000 loss: 0.00020674046874046326
  batch 3000 loss: 5.3824681788682936e-05
  batch 4000 loss: 4.015205428004265e-05
********* validation Loss = tensor(0.0024, device='cuda:0') ************
LOSS train 7.401439230985592e-05 valid 0.0024183676578104496
*** validation loss did not improve ***
********** stopping training **********
[1.0005817277011475, 0.9982366129400817, 0.06195850007236004, 0.018372071522041924, 0.011527376520046916, 0.007741177988484733, 0.0066332724512858715, 0.0054082507663285794, 0.004723648530059528, 0.005191230196023235, 0.003907406306174135, 0.003001584647696253, 0.001938008188506482, 0.0014624259709694225, 0.0014810916553661614, 0.0014799909135374998, 0.0013146288372537633, 0.001363255399342028, 0.0011925347249742617, 0.001392171958490357, 0.0007948602369257824, 0.000554150856761117, 0.0004368988273983792, 0.0005332656112050763, 0.00043894357554653146, 0.0005572248763679841, 0.0005576848099732028, 0.0003358167780495678, 0.0002431780180937268, 0.00027950459000668996, 0.00024980517982510085, 0.0002156425591731936, 0.00013887949866952056, 0.00023485315355612206, 0.00013117517291573046, 0.0002195019985264447, 0.00012985345265717087, 0.00013044967398124656, 0.00013640410155829987, 0.00014224340955828137, 0.0001775296098055617, 0.00011002191800836454, 0.00013515027963744545, 0.0001855610704792596, 0.0001609738406585288, 0.00010418691358726876, 9.920720956794956e-05, 0.00011603046420942316, 0.00016124759274752028, 8.276504131487615e-05, 0.00013394217841674626, 0.00016035968582556038, 9.433478927674071e-05, 8.271947348673726e-05, 0.00010455511201539806, 0.00012488748434294074, 0.00012708670541721306, 7.097043058415151e-05, 0.00011282849111087581, 0.0001235691461847236, 0.00018187801995425644, 7.401439230985592e-05]
-------------------
[1.0002700090408325, 0.9825580716133118, 0.03224310651421547, 0.02100040577352047, 0.015333246439695358, 0.010080899111926556, 0.007363137789070606, 0.004567417316138744, 0.00829019770026207, 0.006245455704629421, 0.007502425462007523, 0.004810525104403496, 0.005505315028131008, 0.013599211350083351, 0.004203542601317167, 0.0028791094664484262, 0.012398907914757729, 0.0046593486331403255, 0.0059392014518380165, 0.005150830838829279, 0.003922472707927227, 0.005914027336984873, 0.0016000167233869433, 0.002782218623906374, 0.014984882436692715, 0.004462920129299164, 0.003906771540641785, 0.003906428813934326, 0.003926107194274664, 0.0025434247218072414, 0.003942285198718309, 0.0029003180097788572, 0.002522579161450267, 0.003808234352618456, 0.0026085961144417524, 0.004049213603138924, 0.0018828603206202388, 0.004398160148411989, 0.0023092669434845448, 0.0021632856223732233, 0.0016567197162657976, 0.0022099334746599197, 0.0034536360763013363, 0.0023088031448423862, 0.003987516276538372, 0.003872566856443882, 0.0032622027210891247, 0.0024477506522089243, 0.00256248633377254, 0.002639466430991888, 0.0029069934971630573, 0.0024225267115980387, 0.0035813108552247286, 0.002483986085280776, 0.0034443214535713196, 0.002847059164196253, 0.002371692331507802, 0.0030706750694662333, 0.002950770314782858, 0.0022595860064029694, 0.0017626950284466147, 0.0024183676578104496]
